d:\juego sin error\mi_juegofinal\mi_juego3.0\mi_juego3.0\mi_juego\tmp\debug\vc142.pdb
d:\juego sin error\mi_juegofinal\mi_juego3.0\mi_juego3.0\mi_juego\tmp\debug\vc142.idb
d:\juego sin error\mi_juegofinal\mi_juego3.0\mi_juego3.0\mi_juego\tmp\debug\obstaculofijo.obj
d:\juego sin error\mi_juegofinal\mi_juego3.0\mi_juego3.0\mi_juego\tmp\debug\objetomovil.obj
d:\juego sin error\mi_juegofinal\mi_juego3.0\mi_juego3.0\mi_juego\tmp\debug\objetofijo.obj
d:\juego sin error\mi_juegofinal\mi_juego3.0\mi_juego3.0\mi_juego\tmp\debug\mundo.obj
d:\juego sin error\mi_juegofinal\mi_juego3.0\mi_juego3.0\mi_juego\tmp\debug\mi_juego.obj
d:\juego sin error\mi_juegofinal\mi_juego3.0\mi_juego3.0\mi_juego\tmp\debug\menu.obj
d:\juego sin error\mi_juegofinal\mi_juego3.0\mi_juego3.0\mi_juego\tmp\debug\matriztile.obj
d:\juego sin error\mi_juegofinal\mi_juego3.0\mi_juego3.0\mi_juego\tmp\debug\mapa.obj
d:\juego sin error\mi_juegofinal\mi_juego3.0\mi_juego3.0\mi_juego\tmp\debug\listavida.obj
d:\juego sin error\mi_juegofinal\mi_juego3.0\mi_juego3.0\mi_juego\tmp\debug\listaobstaculomovil.obj
d:\juego sin error\mi_juegofinal\mi_juego3.0\mi_juego3.0\mi_juego\tmp\debug\listaobstaculofijo.obj
d:\juego sin error\mi_juegofinal\mi_juego3.0\mi_juego3.0\mi_juego\tmp\debug\listadisparo.obj
d:\juego sin error\mi_juegofinal\mi_juego3.0\mi_juego3.0\mi_juego\tmp\debug\listaboss.obj
d:\juego sin error\mi_juegofinal\mi_juego3.0\mi_juego3.0\mi_juego\tmp\debug\listabonus.obj
d:\juego sin error\mi_juegofinal\mi_juego3.0\mi_juego3.0\mi_juego\tmp\debug\interaccion.obj
d:\juego sin error\mi_juegofinal\mi_juego3.0\mi_juego3.0\mi_juego\tmp\debug\fondo.obj
d:\juego sin error\mi_juegofinal\mi_juego3.0\mi_juego3.0\mi_juego\tmp\debug\disparo.obj
d:\juego sin error\mi_juegofinal\mi_juego3.0\mi_juego3.0\mi_juego\tmp\debug\coordinador.obj
d:\juego sin error\mi_juegofinal\mi_juego3.0\mi_juego3.0\mi_juego\tmp\debug\boss.obj
d:\juego sin error\mi_juegofinal\mi_juego3.0\mi_juego3.0\mi_juego\tmp\debug\bonus.obj
d:\juego sin error\mi_juegofinal\mi_juego3.0\mi_juego3.0\mi_juego\tmp\debug\vida.obj
d:\juego sin error\mi_juegofinal\mi_juego3.0\mi_juego3.0\mi_juego\tmp\debug\tile.obj
d:\juego sin error\mi_juegofinal\mi_juego3.0\mi_juego3.0\mi_juego\tmp\debug\personaje.obj
d:\juego sin error\mi_juegofinal\mi_juego3.0\mi_juego3.0\mi_juego\tmp\debug\obstaculomovil.obj
d:\juego sin error\mi_juegofinal\mi_juego3.0\mi_juego3.0\mi_juego\bin\mi_juego.ilk
d:\juego sin error\mi_juegofinal\mi_juego3.0\mi_juego3.0\mi_juego\bin\mi_juego.exe
d:\juego sin error\mi_juegofinal\mi_juego3.0\mi_juego3.0\mi_juego\bin\mi_juego.pdb
d:\juego sin error\mi_juegofinal\mi_juego3.0\mi_juego3.0\mi_juego\tmp\debug\mi_juego.tlog\cl.command.1.tlog
d:\juego sin error\mi_juegofinal\mi_juego3.0\mi_juego3.0\mi_juego\tmp\debug\mi_juego.tlog\cl.read.1.tlog
d:\juego sin error\mi_juegofinal\mi_juego3.0\mi_juego3.0\mi_juego\tmp\debug\mi_juego.tlog\cl.write.1.tlog
d:\juego sin error\mi_juegofinal\mi_juego3.0\mi_juego3.0\mi_juego\tmp\debug\mi_juego.tlog\link.command.1.tlog
d:\juego sin error\mi_juegofinal\mi_juego3.0\mi_juego3.0\mi_juego\tmp\debug\mi_juego.tlog\link.read.1.tlog
d:\juego sin error\mi_juegofinal\mi_juego3.0\mi_juego3.0\mi_juego\tmp\debug\mi_juego.tlog\link.write.1.tlog
